<?xml version="1.0" encoding="UTF-8"?>
<testng-results ignored="0" total="6" passed="6" failed="0" skipped="0">
  <reporter-output>
  </reporter-output>
  <suite started-at="2025-12-05T14:35:49 GMT" name="API Suite" finished-at="2025-12-05T14:35:58 GMT" duration-ms="9094">
    <groups>
    </groups>
    <test started-at="2025-12-05T14:35:49 GMT" name="API Tests" finished-at="2025-12-05T14:35:58 GMT" duration-ms="9094">
      <class name="com.alex.api.test.GetUserTest">
        <test-method is-config="true" signature="setup()[pri:0, instance:com.alex.api.test.GetUserTest@1ddf84b8]" started-at="2025-12-05T14:35:49 GMT" name="setup" finished-at="2025-12-05T14:35:50 GMT" duration-ms="1412" status="PASS">
          <reporter-output>
          </reporter-output>
        </test-method> <!-- setup -->
        <test-method signature="countUsers()[pri:0, instance:com.alex.api.test.GetUserTest@1ddf84b8]" started-at="2025-12-05T14:35:50 GMT" name="countUsers" finished-at="2025-12-05T14:35:56 GMT" duration-ms="5703" status="PASS">
          <reporter-output>
          </reporter-output>
        </test-method> <!-- countUsers -->
        <test-method signature="getAllEmails()[pri:0, instance:com.alex.api.test.GetUserTest@1ddf84b8]" started-at="2025-12-05T14:35:56 GMT" name="getAllEmails" finished-at="2025-12-05T14:35:56 GMT" duration-ms="296" status="PASS">
          <reporter-output>
          </reporter-output>
        </test-method> <!-- getAllEmails -->
        <test-method signature="getAllUsers()[pri:0, instance:com.alex.api.test.GetUserTest@1ddf84b8]" started-at="2025-12-05T14:35:56 GMT" name="getAllUsers" finished-at="2025-12-05T14:35:57 GMT" duration-ms="253" status="PASS">
          <reporter-output>
          </reporter-output>
        </test-method> <!-- getAllUsers -->
        <test-method signature="getUserById()[pri:0, instance:com.alex.api.test.GetUserTest@1ddf84b8]" started-at="2025-12-05T14:35:57 GMT" name="getUserById" finished-at="2025-12-05T14:35:57 GMT" duration-ms="256" status="PASS">
          <reporter-output>
          </reporter-output>
        </test-method> <!-- getUserById -->
        <test-method signature="getUserNameWithId5()[pri:0, instance:com.alex.api.test.GetUserTest@1ddf84b8]" started-at="2025-12-05T14:35:57 GMT" name="getUserNameWithId5" finished-at="2025-12-05T14:35:57 GMT" duration-ms="619" status="PASS">
          <reporter-output>
          </reporter-output>
        </test-method> <!-- getUserNameWithId5 -->
        <test-method signature="validateUserList()[pri:0, instance:com.alex.api.test.GetUserTest@1ddf84b8]" started-at="2025-12-05T14:35:57 GMT" name="validateUserList" finished-at="2025-12-05T14:35:58 GMT" duration-ms="450" status="PASS">
          <reporter-output>
          </reporter-output>
        </test-method> <!-- validateUserList -->
      </class> <!-- com.alex.api.test.GetUserTest -->
    </test> <!-- API Tests -->
  </suite> <!-- API Suite -->
</testng-results>
