<?xml version="1.0" encoding="UTF-8"?>
<testsuite xmlns:xsi="http://www.w3.org/2001/XMLSchema-instance" xsi:noNamespaceSchemaLocation="https://maven.apache.org/surefire/maven-surefire-plugin/xsd/surefire-test-report-3.0.xsd" version="3.0" name="com.alex.api.test.PostUserTest" time="6.83" tests="1" errors="0" skipped="0" failures="0">
  <properties>
[...]
</properties>
  <testcase name="postUsers" classname="com.alex.api.test.PostUserTest" time="4.869">
    <system-out><![CDATA[Request method:	POST
Request URI:	https://jsonplaceholder.typicode.com/posts
Proxy:			<none>
Request params:	<none>
Query params:	<none>
Form params:	<none>
Path params:	<none>
Headers:		Accept=*/*
				Content-Type=application/json
Cookies:		<none>
Multiparts:		<none>
Body:
{
    "title": "Alejandro",
    "body": "QA",
    "userId": 1
}
HTTP/1.1 201 Created
Date: Fri, 05 Dec 2025 13:42:10 GMT
Content-Type: application/json; charset=utf-8
Content-Length: 70
Connection: keep-alive
access-control-allow-credentials: true
access-control-expose-headers: Location
Cache-Control: no-cache
etag: W/"46-Wz7V4tLbcpyia+jmVJVmmJCALMc"
expires: -1
location: https://jsonplaceholder.typicode.com/posts/101
nel: {"report_to":"heroku-nel","response_headers":["Via"],"max_age":3600,"success_fraction":0.01,"failure_fraction":0.1}
pragma: no-cache
report-to: {"group":"heroku-nel","endpoints":[{"url":"https://nel.heroku.com/reports?s=HrnTYMCmZNWGwsrRlu%2BEwy%2BHgp%2FDlu3xyZ0rzdUnjf8%3D\u0026sid=e11707d5-02a7-43ef-b45e-2cf4d2036f7d\u0026ts=1764942130"}],"max_age":3600}
reporting-endpoints: heroku-nel="https://nel.heroku.com/reports?s=HrnTYMCmZNWGwsrRlu%2BEwy%2BHgp%2FDlu3xyZ0rzdUnjf8%3D&sid=e11707d5-02a7-43ef-b45e-2cf4d2036f7d&ts=1764942130"
Server: cloudflare
vary: Origin, X-HTTP-Method-Override, Accept-Encoding
via: 2.0 heroku-router
x-content-type-options: nosniff
x-powered-by: Express
x-ratelimit-limit: 1000
x-ratelimit-remaining: 999
x-ratelimit-reset: 1764942180
cf-cache-status: DYNAMIC
CF-RAY: 9a93f718dbecb1a4-DUB
alt-svc: h3=":443"; ma=86400

{
    "title": "Alejandro",
    "body": "QA",
    "userId": 1,
    "id": 101
}
Response Body:
{
  "title": "Alejandro",
  "body": "QA",
  "userId": 1,
  "id": 101
}
ID del usuario creado: 101
BASE URI = https://jsonplaceholder.typicode.com
BASE PATH = 
]]></system-out>
    <system-err><![CDATA[SLF4J: Failed to load class "org.slf4j.impl.StaticLoggerBinder".
SLF4J: Defaulting to no-operation (NOP) logger implementation
SLF4J: See http://www.slf4j.org/codes.html#StaticLoggerBinder for further details.
]]></system-err>
  </testcase>
</testsuite>