<?xml version="1.0" encoding="UTF-8"?>
<!-- Generated by org.testng.reporters.JUnitXMLReporter -->
<testsuite ignored="0" hostname="DESKTOP-90UO1EC" failures="0" tests="6" name="API Tests" time="9.094" errors="0" timestamp="2025-12-05T14:35:58 GMT">
  <testcase classname="com.alex.api.test.GetUserTest" name="countUsers" time="5.703"/>
  <testcase classname="com.alex.api.test.GetUserTest" name="getAllEmails" time="0.296"/>
  <testcase classname="com.alex.api.test.GetUserTest" name="getAllUsers" time="0.253"/>
  <testcase classname="com.alex.api.test.GetUserTest" name="getUserById" time="0.256"/>
  <testcase classname="com.alex.api.test.GetUserTest" name="getUserNameWithId5" time="0.619"/>
  <testcase classname="com.alex.api.test.GetUserTest" name="validateUserList" time="0.45"/>
</testsuite> <!-- API Tests -->
